<?xml version="1.0" encoding="UTF-8" standalone="no"?>
<!DOCTYPE log SYSTEM "logger.dtd">
<log>
<record>
  <date>2016-07-15T23:21:02</date>
  <millis>1468596062897</millis>
  <sequence>4</sequence>
  <logger>ESPlorer.ESPlorer</logger>
  <level>INFO</level>
  <class>ESPlorer.ESPlorer</class>
  <method>log</method>
  <thread>15</thread>
  <message>Load saved settings: Firmware:NodeMCU</message>
</record>
<record>
  <date>2016-07-15T23:21:02</date>
  <millis>1468596062972</millis>
  <sequence>5</sequence>
  <logger>ESPlorer.ESPlorer</logger>
  <level>INFO</level>
  <class>ESPlorer.ESPlorer</class>
  <method>log</method>
  <thread>15</thread>
  <message>Snippets: loading...</message>
</record>
<record>
  <date>2016-07-15T23:21:02</date>
  <millis>1468596062975</millis>
  <sequence>6</sequence>
  <logger>ESPlorer.ESPlorer</logger>
  <level>INFO</level>
  <class>ESPlorer.ESPlorer</class>
  <method>log</method>
  <thread>15</thread>
  <message>Snippets load: Success.</message>
</record>
<record>
  <date>2016-07-15T23:21:03</date>
  <millis>1468596063014</millis>
  <sequence>7</sequence>
  <logger>ESPlorer.ESPlorer</logger>
  <level>INFO</level>
  <class>ESPlorer.ESPlorer</class>
  <method>log</method>
  <thread>15</thread>
  <message>Set new color theme: Success.</message>
</record>
<record>
  <date>2016-07-15T23:21:03</date>
  <millis>1468596063017</millis>
  <sequence>8</sequence>
  <logger>ESPlorer.ESPlorer</logger>
  <level>INFO</level>
  <class>ESPlorer.ESPlorer</class>
  <method>log</method>
  <thread>15</thread>
  <message>Load saved settings: DONE.</message>
</record>
<record>
  <date>2016-07-15T23:21:03</date>
  <millis>1468596063018</millis>
  <sequence>9</sequence>
  <logger>ESPlorer.ESPlorer</logger>
  <level>INFO</level>
  <class>ESPlorer.ESPlorer</class>
  <method>log</method>
  <thread>15</thread>
  <message>Snippets: loading...</message>
</record>
<record>
  <date>2016-07-15T23:21:03</date>
  <millis>1468596063020</millis>
  <sequence>10</sequence>
  <logger>ESPlorer.ESPlorer</logger>
  <level>INFO</level>
  <class>ESPlorer.ESPlorer</class>
  <method>log</method>
  <thread>15</thread>
  <message>Snippets load: Success.</message>
</record>
<record>
  <date>2016-07-15T23:21:03</date>
  <millis>1468596063213</millis>
  <sequence>11</sequence>
  <logger>ESPlorer.ESPlorer</logger>
  <level>INFO</level>
  <class>ESPlorer.ESPlorer</class>
  <method>log</method>
  <thread>15</thread>
  <message>Scan system...</message>
</record>
<record>
  <date>2016-07-15T23:21:03</date>
  <millis>1468596063230</millis>
  <sequence>12</sequence>
  <logger>ESPlorer.ESPlorer</logger>
  <level>INFO</level>
  <class>ESPlorer.ESPlorer</class>
  <method>log</method>
  <thread>15</thread>
  <message>found /dev/ttyS0</message>
</record>
<record>
  <date>2016-07-15T23:21:03</date>
  <millis>1468596063232</millis>
  <sequence>13</sequence>
  <logger>ESPlorer.ESPlorer</logger>
  <level>INFO</level>
  <class>ESPlorer.ESPlorer</class>
  <method>log</method>
  <thread>15</thread>
  <message>found last saved serial port /dev/ttyUSB0</message>
</record>
<record>
  <date>2016-07-15T23:21:03</date>
  <millis>1468596063234</millis>
  <sequence>14</sequence>
  <logger>ESPlorer.ESPlorer</logger>
  <level>INFO</level>
  <class>ESPlorer.ESPlorer</class>
  <method>log</method>
  <thread>15</thread>
  <message>Scan done.</message>
</record>
<record>
  <date>2016-07-15T23:21:09</date>
  <millis>1468596069664</millis>
  <sequence>15</sequence>
  <logger>ESPlorer.ESPlorer</logger>
  <level>INFO</level>
  <class>ESPlorer.ESPlorer</class>
  <method>log</method>
  <thread>15</thread>
  <message>Serial port /dev/ttyUSB0 save as default.</message>
</record>
<record>
  <date>2016-07-15T23:21:09</date>
  <millis>1468596069667</millis>
  <sequence>16</sequence>
  <logger>ESPlorer.ESPlorer</logger>
  <level>INFO</level>
  <class>ESPlorer.ESPlorer</class>
  <method>log</method>
  <thread>15</thread>
  <message>Baud rate 9600 save as default.</message>
</record>
<record>
  <date>2016-07-15T23:21:09</date>
  <millis>1468596069672</millis>
  <sequence>17</sequence>
  <logger>ESPlorer.ESPlorer</logger>
  <level>INFO</level>
  <class>ESPlorer.ESPlorer</class>
  <method>log</method>
  <thread>15</thread>
  <message>Try to open port /dev/ttyUSB0, baud 9600, 8N1</message>
</record>
<record>
  <date>2016-07-15T23:21:09</date>
  <millis>1468596069731</millis>
  <sequence>18</sequence>
  <logger>ESPlorer.ESPlorer</logger>
  <level>INFO</level>
  <class>ESPlorer.ESPlorer</class>
  <method>log</method>
  <thread>15</thread>
  <message>Open port /dev/ttyUSB0 - Success.</message>
</record>
<record>
  <date>2016-07-15T23:50:56</date>
  <millis>1468597856653</millis>
  <sequence>19</sequence>
  <logger>ESPlorer.ESPlorer</logger>
  <level>INFO</level>
  <class>ESPlorer.ESPlorer</class>
  <method>log</method>
  <thread>15</thread>
  <message>sending:wifi.getchannel()&lt;CR&gt;&lt;LF&gt;</message>
</record>
<record>
  <date>2016-07-15T23:51:02</date>
  <millis>1468597862854</millis>
  <sequence>20</sequence>
  <logger>ESPlorer.ESPlorer</logger>
  <level>INFO</level>
  <class>ESPlorer.ESPlorer</class>
  <method>log</method>
  <thread>15</thread>
  <message>sending:print(wifi.getchannel())&lt;CR&gt;&lt;LF&gt;</message>
</record>
<record>
  <date>2016-07-15T23:51:12</date>
  <millis>1468597872834</millis>
  <sequence>21</sequence>
  <logger>ESPlorer.ESPlorer</logger>
  <level>INFO</level>
  <class>ESPlorer.ESPlorer</class>
  <method>log</method>
  <thread>15</thread>
  <message>sending:print(wifi.getmode())&lt;CR&gt;&lt;LF&gt;</message>
</record>
<record>
  <date>2016-07-15T23:51:17</date>
  <millis>1468597877158</millis>
  <sequence>22</sequence>
  <logger>ESPlorer.ESPlorer</logger>
  <level>INFO</level>
  <class>ESPlorer.ESPlorer</class>
  <method>log</method>
  <thread>15</thread>
  <message>sending:print(wifi.getmode())&lt;CR&gt;&lt;LF&gt;</message>
</record>
<record>
  <date>2016-07-15T23:51:26</date>
  <millis>1468597886119</millis>
  <sequence>23</sequence>
  <logger>ESPlorer.ESPlorer</logger>
  <level>INFO</level>
  <class>ESPlorer.ESPlorer</class>
  <method>log</method>
  <thread>15</thread>
  <message>sending:wifi.getpymode()&lt;CR&gt;&lt;LF&gt;</message>
</record>
<record>
  <date>2016-07-15T23:51:32</date>
  <millis>1468597892065</millis>
  <sequence>24</sequence>
  <logger>ESPlorer.ESPlorer</logger>
  <level>INFO</level>
  <class>ESPlorer.ESPlorer</class>
  <method>log</method>
  <thread>15</thread>
  <message>sending:print(wifi.getpymode())&lt;CR&gt;&lt;LF&gt;</message>
</record>
<record>
  <date>2016-07-15T23:51:37</date>
  <millis>1468597897375</millis>
  <sequence>25</sequence>
  <logger>ESPlorer.ESPlorer</logger>
  <level>INFO</level>
  <class>ESPlorer.ESPlorer</class>
  <method>log</method>
  <thread>15</thread>
  <message>sending:print(wifi.getphymode())&lt;CR&gt;&lt;LF&gt;</message>
</record>
<record>
  <date>2016-07-15T23:51:42</date>
  <millis>1468597902355</millis>
  <sequence>26</sequence>
  <logger>ESPlorer.ESPlorer</logger>
  <level>INFO</level>
  <class>ESPlorer.ESPlorer</class>
  <method>log</method>
  <thread>15</thread>
  <message>sending:wifi.getphymode()&lt;CR&gt;&lt;LF&gt;</message>
</record>
<record>
  <date>2016-07-15T23:54:37</date>
  <millis>1468598077662</millis>
  <sequence>27</sequence>
  <logger>ESPlorer.ESPlorer</logger>
  <level>INFO</level>
  <class>ESPlorer.ESPlorer</class>
  <method>log</method>
  <thread>15</thread>
  <message>sending:print(wifi.getphymode())&lt;CR&gt;&lt;LF&gt;</message>
</record>
<record>
  <date>2016-07-16T00:09:14</date>
  <millis>1468598954028</millis>
  <sequence>28</sequence>
  <logger>ESPlorer.ESPlorer</logger>
  <level>INFO</level>
  <class>ESPlorer.ESPlorer</class>
  <method>log</method>
  <thread>15</thread>
  <message>sending:wifi.setmode(wifi.STATION)&lt;CR&gt;&lt;LF&gt;</message>
</record>
<record>
  <date>2016-07-16T00:09:22</date>
  <millis>1468598962116</millis>
  <sequence>29</sequence>
  <logger>ESPlorer.ESPlorer</logger>
  <level>INFO</level>
  <class>ESPlorer.ESPlorer</class>
  <method>log</method>
  <thread>15</thread>
  <message>sending:wifi.startsmart(0,     function(ssid, password)         print(string.format("Success. SSID:%s ; PASSWORD:%s", ssid, password))     end )&lt;CR&gt;&lt;LF&gt;</message>
</record>
<record>
  <date>2016-07-16T00:10:07</date>
  <millis>1468599007825</millis>
  <sequence>30</sequence>
  <logger>ESPlorer.ESPlorer</logger>
  <level>INFO</level>
  <class>ESPlorer.ESPlorer</class>
  <method>log</method>
  <thread>15</thread>
  <message>sending:r,u,t=file.fsinfo() print("Total : "..t.." bytes\r\nUsed  : "..u.." bytes\r\nRemain: "..r.." bytes\r\n") r=nil u=nil t=nil&lt;CR&gt;&lt;LF&gt;</message>
</record>
<record>
  <date>2016-07-16T00:10:09</date>
  <millis>1468599009634</millis>
  <sequence>31</sequence>
  <logger>ESPlorer.ESPlorer</logger>
  <level>INFO</level>
  <class>ESPlorer.ESPlorer</class>
  <method>log</method>
  <thread>15</thread>
  <message>FileManager: Add EventListener: Success.</message>
</record>
<record>
  <date>2016-07-16T00:10:09</date>
  <millis>1468599009650</millis>
  <sequence>32</sequence>
  <logger>ESPlorer.ESPlorer</logger>
  <level>INFO</level>
  <class>ESPlorer.ESPlorer</class>
  <method>log</method>
  <thread>15</thread>
  <message>FileManager: Starting...</message>
</record>
<record>
  <date>2016-07-16T00:10:09</date>
  <millis>1468599009718</millis>
  <sequence>33</sequence>
  <logger>ESPlorer.ESPlorer</logger>
  <level>INFO</level>
  <class>ESPlorer.ESPlorer</class>
  <method>log</method>
  <thread>15</thread>
  <message>sending: _dir=function() local k,v,l print("~~~File ".."list START~~~") for k,v in pairs(file.list()) do l = string.format("%-15s",k) print(l.." : "..v.." bytes") end print("~~~File ".."list END~~~") end _dir() _dir=nil</message>
</record>
<record>
  <date>2016-07-16T00:10:10</date>
  <millis>1468599010892</millis>
  <sequence>34</sequence>
  <logger>ESPlorer.ESPlorer</logger>
  <level>INFO</level>
  <class>ESPlorer.ESPlorer</class>
  <method>log</method>
  <thread>25</thread>
  <message>FileManager: File list found! Do parsing...</message>
</record>
<record>
  <date>2016-07-16T00:10:10</date>
  <millis>1468599010929</millis>
  <sequence>35</sequence>
  <logger>ESPlorer.ESPlorer</logger>
  <level>INFO</level>
  <class>ESPlorer.ESPlorer</class>
  <method>log</method>
  <thread>25</thread>
  <message>FileManager found file app.lua</message>
</record>
<record>
  <date>2016-07-16T00:10:10</date>
  <millis>1468599010951</millis>
  <sequence>36</sequence>
  <logger>ESPlorer.ESPlorer</logger>
  <level>INFO</level>
  <class>ESPlorer.ESPlorer</class>
  <method>log</method>
  <thread>25</thread>
  <message>FileManager found file config.lua</message>
</record>
<record>
  <date>2016-07-16T00:10:10</date>
  <millis>1468599010982</millis>
  <sequence>37</sequence>
  <logger>ESPlorer.ESPlorer</logger>
  <level>INFO</level>
  <class>ESPlorer.ESPlorer</class>
  <method>log</method>
  <thread>25</thread>
  <message>FileManager found file dht11.lua</message>
</record>
<record>
  <date>2016-07-16T00:10:11</date>
  <millis>1468599011007</millis>
  <sequence>38</sequence>
  <logger>ESPlorer.ESPlorer</logger>
  <level>INFO</level>
  <class>ESPlorer.ESPlorer</class>
  <method>log</method>
  <thread>25</thread>
  <message>FileManager found file http_srv.lua</message>
</record>
<record>
  <date>2016-07-16T00:10:11</date>
  <millis>1468599011031</millis>
  <sequence>39</sequence>
  <logger>ESPlorer.ESPlorer</logger>
  <level>INFO</level>
  <class>ESPlorer.ESPlorer</class>
  <method>log</method>
  <thread>25</thread>
  <message>FileManager found file init.lua</message>
</record>
<record>
  <date>2016-07-16T00:10:11</date>
  <millis>1468599011051</millis>
  <sequence>40</sequence>
  <logger>ESPlorer.ESPlorer</logger>
  <level>INFO</level>
  <class>ESPlorer.ESPlorer</class>
  <method>log</method>
  <thread>25</thread>
  <message>FileManager found file list_ap.lua</message>
</record>
<record>
  <date>2016-07-16T00:10:11</date>
  <millis>1468599011078</millis>
  <sequence>41</sequence>
  <logger>ESPlorer.ESPlorer</logger>
  <level>INFO</level>
  <class>ESPlorer.ESPlorer</class>
  <method>log</method>
  <thread>25</thread>
  <message>FileManager found file nodemcu_as_ap.lua</message>
</record>
<record>
  <date>2016-07-16T00:10:11</date>
  <millis>1468599011095</millis>
  <sequence>42</sequence>
  <logger>ESPlorer.ESPlorer</logger>
  <level>INFO</level>
  <class>ESPlorer.ESPlorer</class>
  <method>log</method>
  <thread>25</thread>
  <message>FileManager found file oled.lua</message>
</record>
<record>
  <date>2016-07-16T00:10:11</date>
  <millis>1468599011121</millis>
  <sequence>43</sequence>
  <logger>ESPlorer.ESPlorer</logger>
  <level>INFO</level>
  <class>ESPlorer.ESPlorer</class>
  <method>log</method>
  <thread>25</thread>
  <message>FileManager found file sock.lua</message>
</record>
<record>
  <date>2016-07-16T00:10:11</date>
  <millis>1468599011147</millis>
  <sequence>44</sequence>
  <logger>ESPlorer.ESPlorer</logger>
  <level>INFO</level>
  <class>ESPlorer.ESPlorer</class>
  <method>log</method>
  <thread>25</thread>
  <message>FileManager found file upload.lua</message>
</record>
<record>
  <date>2016-07-16T00:10:11</date>
  <millis>1468599011156</millis>
  <sequence>45</sequence>
  <logger>ESPlorer.ESPlorer</logger>
  <level>INFO</level>
  <class>ESPlorer.ESPlorer</class>
  <method>log</method>
  <thread>25</thread>
  <message>FileManager: File list parsing done, found 10 file(s).</message>
</record>
<record>
  <date>2016-07-16T00:10:11</date>
  <millis>1468599011327</millis>
  <sequence>46</sequence>
  <logger>ESPlorer.ESPlorer</logger>
  <level>INFO</level>
  <class>ESPlorer.ESPlorer</class>
  <method>log</method>
  <thread>25</thread>
  <message>sending:r,u,t=file.fsinfo() print("Total : "..t.." bytes\r\nUsed  : "..u.." bytes\r\nRemain: "..r.." bytes\r\n") r=nil u=nil t=nil&lt;CR&gt;&lt;LF&gt;</message>
</record>
<record>
  <date>2016-07-16T00:10:13</date>
  <millis>1468599013441</millis>
  <sequence>47</sequence>
  <logger>ESPlorer.ESPlorer</logger>
  <level>INFO</level>
  <class>ESPlorer.ESPlorer</class>
  <method>log</method>
  <thread>15</thread>
  <message>sending:dofile("init.lua")&lt;CR&gt;&lt;LF&gt;</message>
</record>
<record>
  <date>2016-07-16T00:10:18</date>
  <millis>1468599018413</millis>
  <sequence>48</sequence>
  <logger>ESPlorer.ESPlorer</logger>
  <level>INFO</level>
  <class>ESPlorer.ESPlorer</class>
  <method>log</method>
  <thread>15</thread>
  <message>Downloader: Starting...</message>
</record>
<record>
  <date>2016-07-16T00:10:18</date>
  <millis>1468599018417</millis>
  <sequence>49</sequence>
  <logger>ESPlorer.ESPlorer</logger>
  <level>INFO</level>
  <class>ESPlorer.ESPlorer</class>
  <method>log</method>
  <thread>15</thread>
  <message>Downloader: Add EventListener: Success.</message>
</record>
<record>
  <date>2016-07-16T00:10:18</date>
  <millis>1468599018419</millis>
  <sequence>50</sequence>
  <logger>ESPlorer.ESPlorer</logger>
  <level>INFO</level>
  <class>ESPlorer.ESPlorer</class>
  <method>log</method>
  <thread>15</thread>
  <message>Downloader: Start</message>
</record>
<record>
  <date>2016-07-16T00:10:18</date>
  <millis>1468599018539</millis>
  <sequence>51</sequence>
  <logger>ESPlorer.ESPlorer</logger>
  <level>INFO</level>
  <class>ESPlorer.ESPlorer</class>
  <method>log</method>
  <thread>15</thread>
  <message>sending:_dl=function()   file.open("init.lua", "r")</message>
</record>
<record>
  <date>2016-07-16T00:10:18</date>
  <millis>1468599018727</millis>
  <sequence>52</sequence>
  <logger>ESPlorer.ESPlorer</logger>
  <level>INFO</level>
  <class>ESPlorer.ESPlorer</class>
  <method>log</method>
  <thread>15</thread>
  <message>sending:  local buf   local i=0   local checksum</message>
</record>
<record>
  <date>2016-07-16T00:10:18</date>
  <millis>1468599018898</millis>
  <sequence>53</sequence>
  <logger>ESPlorer.ESPlorer</logger>
  <level>INFO</level>
  <class>ESPlorer.ESPlorer</class>
  <method>log</method>
  <thread>15</thread>
  <message>sending:  repeat      buf = file.read(1024)      if buf ~= nil then           i = i + 1           checksum = 0           for j=1, string.len(buf) do</message>
</record>
<record>
  <date>2016-07-16T00:10:19</date>
  <millis>1468599019426</millis>
  <sequence>54</sequence>
  <logger>ESPlorer.ESPlorer</logger>
  <level>INFO</level>
  <class>ESPlorer.ESPlorer</class>
  <method>log</method>
  <thread>15</thread>
  <message>sending:               checksum = checksum + (buf:byte(j)*20)%19           end           buf='~~~'..'DATA-START~~~'..buf..'~~~'..'DATA-LENGTH~~~'..string.len(buf)..'~~~'..'DATA-N~~~'..i..'~~~'..'DATA-CRC~~~'..checksum..'~~~'..'DATA-END~~~'</message>
</record>
<record>
  <date>2016-07-16T00:10:19</date>
  <millis>1468599019806</millis>
  <sequence>55</sequence>
  <logger>ESPlorer.ESPlorer</logger>
  <level>INFO</level>
  <class>ESPlorer.ESPlorer</class>
  <method>log</method>
  <thread>15</thread>
  <message>sending:          uart.write(0,buf)      end      tmr.wdclr()   until(buf == nil)   file.close()</message>
</record>
<record>
  <date>2016-07-16T00:10:20</date>
  <millis>1468599020340</millis>
  <sequence>56</sequence>
  <logger>ESPlorer.ESPlorer</logger>
  <level>INFO</level>
  <class>ESPlorer.ESPlorer</class>
  <method>log</method>
  <thread>15</thread>
  <message>sending:  buf='~~~'..'DATA-TOTAL-START~~~'..i..'~~~'..'DATA-TOTAL-END~~~'</message>
</record>
<record>
  <date>2016-07-16T00:10:20</date>
  <millis>1468599020613</millis>
  <sequence>57</sequence>
  <logger>ESPlorer.ESPlorer</logger>
  <level>INFO</level>
  <class>ESPlorer.ESPlorer</class>
  <method>log</method>
  <thread>15</thread>
  <message>sending:  uart.write(0,buf) end _dl() _dl=nil</message>
</record>
<record>
  <date>2016-07-16T00:10:23</date>
  <millis>1468599023913</millis>
  <sequence>58</sequence>
  <logger>ESPlorer.ESPlorer</logger>
  <level>INFO</level>
  <class>ESPlorer.ESPlorer</class>
  <method>log</method>
  <thread>15</thread>
  <message>Operation done. Duration = 5499 ms</message>
</record>
<record>
  <date>2016-07-16T00:10:23</date>
  <millis>1468599023914</millis>
  <sequence>59</sequence>
  <logger>ESPlorer.ESPlorer</logger>
  <level>INFO</level>
  <class>ESPlorer.ESPlorer</class>
  <method>log</method>
  <thread>15</thread>
  <message>Waiting answer from ESP - Timeout reached. Command aborted.</message>
</record>
<record>
  <date>2016-07-16T00:10:54</date>
  <millis>1468599054389</millis>
  <sequence>60</sequence>
  <logger>ESPlorer.ESPlorer</logger>
  <level>INFO</level>
  <class>ESPlorer.ESPlorer</class>
  <method>log</method>
  <thread>15</thread>
  <message>Try to open file init.lua</message>
</record>
<record>
  <date>2016-07-16T00:10:54</date>
  <millis>1468599054390</millis>
  <sequence>61</sequence>
  <logger>ESPlorer.ESPlorer</logger>
  <level>INFO</level>
  <class>ESPlorer.ESPlorer</class>
  <method>log</method>
  <thread>15</thread>
  <message>File name: /home/huang/workspace/nodemcu/smarthome/init.lua</message>
</record>
<record>
  <date>2016-07-16T00:10:54</date>
  <millis>1468599054391</millis>
  <sequence>62</sequence>
  <logger>ESPlorer.ESPlorer</logger>
  <level>INFO</level>
  <class>ESPlorer.ESPlorer</class>
  <method>log</method>
  <thread>15</thread>
  <message>Try to load file init.lua</message>
</record>
<record>
  <date>2016-07-16T00:10:55</date>
  <millis>1468599055025</millis>
  <sequence>63</sequence>
  <logger>ESPlorer.ESPlorer</logger>
  <level>INFO</level>
  <class>ESPlorer.ESPlorer</class>
  <method>log</method>
  <thread>15</thread>
  <message>Loading init.lua: Success.</message>
</record>
<record>
  <date>2016-07-16T00:10:55</date>
  <millis>1468599055025</millis>
  <sequence>64</sequence>
  <logger>ESPlorer.ESPlorer</logger>
  <level>INFO</level>
  <class>ESPlorer.ESPlorer</class>
  <method>log</method>
  <thread>15</thread>
  <message>Open "init.lua": Success.</message>
</record>
<record>
  <date>2016-07-16T00:11:03</date>
  <millis>1468599063001</millis>
  <sequence>65</sequence>
  <logger>ESPlorer.ESPlorer</logger>
  <level>INFO</level>
  <class>ESPlorer.ESPlorer</class>
  <method>log</method>
  <thread>15</thread>
  <message>Try to open file app.lua</message>
</record>
<record>
  <date>2016-07-16T00:11:03</date>
  <millis>1468599063002</millis>
  <sequence>66</sequence>
  <logger>ESPlorer.ESPlorer</logger>
  <level>INFO</level>
  <class>ESPlorer.ESPlorer</class>
  <method>log</method>
  <thread>15</thread>
  <message>File name: /home/huang/workspace/nodemcu/smarthome/app.lua</message>
</record>
<record>
  <date>2016-07-16T00:11:03</date>
  <millis>1468599063002</millis>
  <sequence>67</sequence>
  <logger>ESPlorer.ESPlorer</logger>
  <level>INFO</level>
  <class>ESPlorer.ESPlorer</class>
  <method>log</method>
  <thread>15</thread>
  <message>Try to load file app.lua</message>
</record>
<record>
  <date>2016-07-16T00:11:03</date>
  <millis>1468599063068</millis>
  <sequence>68</sequence>
  <logger>ESPlorer.ESPlorer</logger>
  <level>INFO</level>
  <class>ESPlorer.ESPlorer</class>
  <method>log</method>
  <thread>15</thread>
  <message>Loading app.lua: Success.</message>
</record>
<record>
  <date>2016-07-16T00:11:03</date>
  <millis>1468599063069</millis>
  <sequence>69</sequence>
  <logger>ESPlorer.ESPlorer</logger>
  <level>INFO</level>
  <class>ESPlorer.ESPlorer</class>
  <method>log</method>
  <thread>15</thread>
  <message>Open "app.lua": Success.</message>
</record>
<record>
  <date>2016-07-16T00:11:18</date>
  <millis>1468599078320</millis>
  <sequence>70</sequence>
  <logger>ESPlorer.ESPlorer</logger>
  <level>INFO</level>
  <class>ESPlorer.ESPlorer</class>
  <method>log</method>
  <thread>15</thread>
  <message>We save known file init.lua</message>
</record>
<record>
  <date>2016-07-16T00:11:18</date>
  <millis>1468599078321</millis>
  <sequence>71</sequence>
  <logger>ESPlorer.ESPlorer</logger>
  <level>INFO</level>
  <class>ESPlorer.ESPlorer</class>
  <method>log</method>
  <thread>15</thread>
  <message>Try to saving file init.lua ...</message>
</record>
<record>
  <date>2016-07-16T00:11:18</date>
  <millis>1468599078321</millis>
  <sequence>72</sequence>
  <logger>ESPlorer.ESPlorer</logger>
  <level>INFO</level>
  <class>ESPlorer.ESPlorer</class>
  <method>log</method>
  <thread>15</thread>
  <message>Save file init.lua: Success.</message>
</record>
<record>
  <date>2016-07-16T00:11:18</date>
  <millis>1468599078469</millis>
  <sequence>73</sequence>
  <logger>ESPlorer.ESPlorer</logger>
  <level>INFO</level>
  <class>ESPlorer.ESPlorer</class>
  <method>log</method>
  <thread>15</thread>
  <message>We save known file init.lua</message>
</record>
<record>
  <date>2016-07-16T00:11:18</date>
  <millis>1468599078470</millis>
  <sequence>74</sequence>
  <logger>ESPlorer.ESPlorer</logger>
  <level>INFO</level>
  <class>ESPlorer.ESPlorer</class>
  <method>log</method>
  <thread>15</thread>
  <message>Try to saving file init.lua ...</message>
</record>
<record>
  <date>2016-07-16T00:11:18</date>
  <millis>1468599078470</millis>
  <sequence>75</sequence>
  <logger>ESPlorer.ESPlorer</logger>
  <level>INFO</level>
  <class>ESPlorer.ESPlorer</class>
  <method>log</method>
  <thread>15</thread>
  <message>Save file init.lua: Success.</message>
</record>
<record>
  <date>2016-07-16T00:11:18</date>
  <millis>1468599078488</millis>
  <sequence>76</sequence>
  <logger>ESPlorer.ESPlorer</logger>
  <level>INFO</level>
  <class>ESPlorer.ESPlorer</class>
  <method>log</method>
  <thread>15</thread>
  <message>FileSaveESP: Try to save file to ESP...</message>
</record>
<record>
  <date>2016-07-16T00:11:18</date>
  <millis>1468599078489</millis>
  <sequence>77</sequence>
  <logger>ESPlorer.ESPlorer</logger>
  <level>INFO</level>
  <class>ESPlorer.ESPlorer</class>
  <method>log</method>
  <thread>15</thread>
  <message>DataSender: start "Smart Mode"</message>
</record>
<record>
  <date>2016-07-16T00:11:18</date>
  <millis>1468599078490</millis>
  <sequence>78</sequence>
  <logger>ESPlorer.ESPlorer</logger>
  <level>INFO</level>
  <class>ESPlorer.ESPlorer</class>
  <method>log</method>
  <thread>15</thread>
  <message>FileSaveESP: Starting...</message>
</record>
<record>
  <date>2016-07-16T00:11:18</date>
  <millis>1468599078568</millis>
  <sequence>79</sequence>
  <logger>ESPlorer.ESPlorer</logger>
  <level>INFO</level>
  <class>ESPlorer.ESPlorer</class>
  <method>log</method>
  <thread>15</thread>
  <message>0</message>
</record>
<record>
  <date>2016-07-16T00:11:18</date>
  <millis>1468599078569</millis>
  <sequence>80</sequence>
  <logger>ESPlorer.ESPlorer</logger>
  <level>INFO</level>
  <class>ESPlorer.ESPlorer</class>
  <method>log</method>
  <thread>15</thread>
  <message>sending:file.remove("init.lua");&lt;CR&gt;&lt;LF&gt;</message>
</record>
<record>
  <date>2016-07-16T00:11:18</date>
  <millis>1468599078651</millis>
  <sequence>81</sequence>
  <logger>ESPlorer.ESPlorer</logger>
  <level>INFO</level>
  <class>ESPlorer.ESPlorer</class>
  <method>log</method>
  <thread>35</thread>
  <message>recv:file.remove("init.lua");&lt;CR&gt;&lt;LF&gt;</message>
</record>
<record>
  <date>2016-07-16T00:11:18</date>
  <millis>1468599078662</millis>
  <sequence>82</sequence>
  <logger>ESPlorer.ESPlorer</logger>
  <level>INFO</level>
  <class>ESPlorer.ESPlorer</class>
  <method>log</method>
  <thread>15</thread>
  <message>1</message>
</record>
<record>
  <date>2016-07-16T00:11:18</date>
  <millis>1468599078663</millis>
  <sequence>83</sequence>
  <logger>ESPlorer.ESPlorer</logger>
  <level>INFO</level>
  <class>ESPlorer.ESPlorer</class>
  <method>log</method>
  <thread>15</thread>
  <message>sending:file.open("init.lua","w+");&lt;CR&gt;&lt;LF&gt;</message>
</record>
<record>
  <date>2016-07-16T00:11:18</date>
  <millis>1468599078716</millis>
  <sequence>84</sequence>
  <logger>ESPlorer.ESPlorer</logger>
  <level>INFO</level>
  <class>ESPlorer.ESPlorer</class>
  <method>log</method>
  <thread>35</thread>
  <message>recv:&gt; </message>
</record>
<record>
  <date>2016-07-16T00:11:18</date>
  <millis>1468599078825</millis>
  <sequence>85</sequence>
  <logger>ESPlorer.ESPlorer</logger>
  <level>INFO</level>
  <class>ESPlorer.ESPlorer</class>
  <method>log</method>
  <thread>35</thread>
  <message>recv:file.open("init.lua","w+");&lt;CR&gt;&lt;LF&gt;</message>
</record>
<record>
  <date>2016-07-16T00:11:18</date>
  <millis>1468599078836</millis>
  <sequence>86</sequence>
  <logger>ESPlorer.ESPlorer</logger>
  <level>INFO</level>
  <class>ESPlorer.ESPlorer</class>
  <method>log</method>
  <thread>15</thread>
  <message>2</message>
</record>
<record>
  <date>2016-07-16T00:11:18</date>
  <millis>1468599078836</millis>
  <sequence>87</sequence>
  <logger>ESPlorer.ESPlorer</logger>
  <level>INFO</level>
  <class>ESPlorer.ESPlorer</class>
  <method>log</method>
  <thread>15</thread>
  <message>sending:w = file.writeline&lt;CR&gt;&lt;LF&gt;</message>
</record>
<record>
  <date>2016-07-16T00:11:19</date>
  <millis>1468599079657</millis>
  <sequence>88</sequence>
  <logger>ESPlorer.ESPlorer</logger>
  <level>INFO</level>
  <class>ESPlorer.ESPlorer</class>
  <method>log</method>
  <thread>35</thread>
  <message>recv:&gt; </message>
</record>
<record>
  <date>2016-07-16T00:11:20</date>
  <millis>1468599080038</millis>
  <sequence>89</sequence>
  <logger>ESPlorer.ESPlorer</logger>
  <level>INFO</level>
  <class>ESPlorer.ESPlorer</class>
  <method>log</method>
  <thread>35</thread>
  <message>recv:w = file.writeline&lt;CR&gt;&lt;LF&gt;</message>
</record>
<record>
  <date>2016-07-16T00:11:20</date>
  <millis>1468599080049</millis>
  <sequence>90</sequence>
  <logger>ESPlorer.ESPlorer</logger>
  <level>INFO</level>
  <class>ESPlorer.ESPlorer</class>
  <method>log</method>
  <thread>15</thread>
  <message>3</message>
</record>
<record>
  <date>2016-07-16T00:11:20</date>
  <millis>1468599080049</millis>
  <sequence>91</sequence>
  <logger>ESPlorer.ESPlorer</logger>
  <level>INFO</level>
  <class>ESPlorer.ESPlorer</class>
  <method>log</method>
  <thread>15</thread>
  <message>sending:w([==[require("cjson")]==]);&lt;CR&gt;&lt;LF&gt;</message>
</record>
<record>
  <date>2016-07-16T00:11:20</date>
  <millis>1468599080348</millis>
  <sequence>92</sequence>
  <logger>ESPlorer.ESPlorer</logger>
  <level>INFO</level>
  <class>ESPlorer.ESPlorer</class>
  <method>log</method>
  <thread>35</thread>
  <message>recv:&gt; </message>
</record>
<record>
  <date>2016-07-16T00:11:20</date>
  <millis>1468599080457</millis>
  <sequence>93</sequence>
  <logger>ESPlorer.ESPlorer</logger>
  <level>INFO</level>
  <class>ESPlorer.ESPlorer</class>
  <method>log</method>
  <thread>35</thread>
  <message>recv:w([==[require("cjson")]==]);&lt;CR&gt;&lt;LF&gt;</message>
</record>
<record>
  <date>2016-07-16T00:11:20</date>
  <millis>1468599080468</millis>
  <sequence>94</sequence>
  <logger>ESPlorer.ESPlorer</logger>
  <level>INFO</level>
  <class>ESPlorer.ESPlorer</class>
  <method>log</method>
  <thread>15</thread>
  <message>4</message>
</record>
<record>
  <date>2016-07-16T00:11:20</date>
  <millis>1468599080468</millis>
  <sequence>95</sequence>
  <logger>ESPlorer.ESPlorer</logger>
  <level>INFO</level>
  <class>ESPlorer.ESPlorer</class>
  <method>log</method>
  <thread>15</thread>
  <message>sending:w([==[require("config")]==]);&lt;CR&gt;&lt;LF&gt;</message>
</record>
<record>
  <date>2016-07-16T00:11:20</date>
  <millis>1468599080515</millis>
  <sequence>96</sequence>
  <logger>ESPlorer.ESPlorer</logger>
  <level>INFO</level>
  <class>ESPlorer.ESPlorer</class>
  <method>log</method>
  <thread>35</thread>
  <message>recv:&gt; </message>
</record>
<record>
  <date>2016-07-16T00:11:20</date>
  <millis>1468599080626</millis>
  <sequence>97</sequence>
  <logger>ESPlorer.ESPlorer</logger>
  <level>INFO</level>
  <class>ESPlorer.ESPlorer</class>
  <method>log</method>
  <thread>35</thread>
  <message>recv:w([==[require("config")]==]);&lt;CR&gt;&lt;LF&gt;</message>
</record>
<record>
  <date>2016-07-16T00:11:20</date>
  <millis>1468599080636</millis>
  <sequence>98</sequence>
  <logger>ESPlorer.ESPlorer</logger>
  <level>INFO</level>
  <class>ESPlorer.ESPlorer</class>
  <method>log</method>
  <thread>15</thread>
  <message>5</message>
</record>
<record>
  <date>2016-07-16T00:11:20</date>
  <millis>1468599080637</millis>
  <sequence>99</sequence>
  <logger>ESPlorer.ESPlorer</logger>
  <level>INFO</level>
  <class>ESPlorer.ESPlorer</class>
  <method>log</method>
  <thread>15</thread>
  <message>sending:w([==[require("dht11")]==]);&lt;CR&gt;&lt;LF&gt;</message>
</record>
<record>
  <date>2016-07-16T00:11:20</date>
  <millis>1468599080681</millis>
  <sequence>100</sequence>
  <logger>ESPlorer.ESPlorer</logger>
  <level>INFO</level>
  <class>ESPlorer.ESPlorer</class>
  <method>log</method>
  <thread>35</thread>
  <message>recv:&gt; </message>
</record>
<record>
  <date>2016-07-16T00:11:20</date>
  <millis>1468599080790</millis>
  <sequence>101</sequence>
  <logger>ESPlorer.ESPlorer</logger>
  <level>INFO</level>
  <class>ESPlorer.ESPlorer</class>
  <method>log</method>
  <thread>35</thread>
  <message>recv:w([==[require("dht11")]==]);&lt;CR&gt;&lt;LF&gt;</message>
</record>
<record>
  <date>2016-07-16T00:11:20</date>
  <millis>1468599080801</millis>
  <sequence>102</sequence>
  <logger>ESPlorer.ESPlorer</logger>
  <level>INFO</level>
  <class>ESPlorer.ESPlorer</class>
  <method>log</method>
  <thread>15</thread>
  <message>6</message>
</record>
<record>
  <date>2016-07-16T00:11:20</date>
  <millis>1468599080801</millis>
  <sequence>103</sequence>
  <logger>ESPlorer.ESPlorer</logger>
  <level>INFO</level>
  <class>ESPlorer.ESPlorer</class>
  <method>log</method>
  <thread>15</thread>
  <message>sending:w([==[require("sock")]==]);&lt;CR&gt;&lt;LF&gt;</message>
</record>
<record>
  <date>2016-07-16T00:11:20</date>
  <millis>1468599080848</millis>
  <sequence>104</sequence>
  <logger>ESPlorer.ESPlorer</logger>
  <level>INFO</level>
  <class>ESPlorer.ESPlorer</class>
  <method>log</method>
  <thread>35</thread>
  <message>recv:&gt; </message>
</record>
<record>
  <date>2016-07-16T00:11:21</date>
  <millis>1468599081253</millis>
  <sequence>105</sequence>
  <logger>ESPlorer.ESPlorer</logger>
  <level>INFO</level>
  <class>ESPlorer.ESPlorer</class>
  <method>log</method>
  <thread>35</thread>
  <message>recv:w([==[require("sock")]==]);&lt;CR&gt;&lt;LF&gt;</message>
</record>
<record>
  <date>2016-07-16T00:11:21</date>
  <millis>1468599081264</millis>
  <sequence>106</sequence>
  <logger>ESPlorer.ESPlorer</logger>
  <level>INFO</level>
  <class>ESPlorer.ESPlorer</class>
  <method>log</method>
  <thread>15</thread>
  <message>7</message>
</record>
<record>
  <date>2016-07-16T00:11:21</date>
  <millis>1468599081265</millis>
  <sequence>107</sequence>
  <logger>ESPlorer.ESPlorer</logger>
  <level>INFO</level>
  <class>ESPlorer.ESPlorer</class>
  <method>log</method>
  <thread>15</thread>
  <message>sending:w([==[require("upload")]==]);&lt;CR&gt;&lt;LF&gt;</message>
</record>
<record>
  <date>2016-07-16T00:11:21</date>
  <millis>1468599081313</millis>
  <sequence>108</sequence>
  <logger>ESPlorer.ESPlorer</logger>
  <level>INFO</level>
  <class>ESPlorer.ESPlorer</class>
  <method>log</method>
  <thread>35</thread>
  <message>recv:&gt; </message>
</record>
<record>
  <date>2016-07-16T00:11:21</date>
  <millis>1468599081423</millis>
  <sequence>109</sequence>
  <logger>ESPlorer.ESPlorer</logger>
  <level>INFO</level>
  <class>ESPlorer.ESPlorer</class>
  <method>log</method>
  <thread>35</thread>
  <message>recv:w([==[require("upload")]==]);&lt;CR&gt;&lt;LF&gt;</message>
</record>
<record>
  <date>2016-07-16T00:11:21</date>
  <millis>1468599081434</millis>
  <sequence>110</sequence>
  <logger>ESPlorer.ESPlorer</logger>
  <level>INFO</level>
  <class>ESPlorer.ESPlorer</class>
  <method>log</method>
  <thread>15</thread>
  <message>8</message>
</record>
<record>
  <date>2016-07-16T00:11:21</date>
  <millis>1468599081435</millis>
  <sequence>111</sequence>
  <logger>ESPlorer.ESPlorer</logger>
  <level>INFO</level>
  <class>ESPlorer.ESPlorer</class>
  <method>log</method>
  <thread>15</thread>
  <message>sending:w([==[require("oled")]==]);&lt;CR&gt;&lt;LF&gt;</message>
</record>
<record>
  <date>2016-07-16T00:11:21</date>
  <millis>1468599081480</millis>
  <sequence>112</sequence>
  <logger>ESPlorer.ESPlorer</logger>
  <level>INFO</level>
  <class>ESPlorer.ESPlorer</class>
  <method>log</method>
  <thread>35</thread>
  <message>recv:&gt; </message>
</record>
<record>
  <date>2016-07-16T00:11:21</date>
  <millis>1468599081588</millis>
  <sequence>113</sequence>
  <logger>ESPlorer.ESPlorer</logger>
  <level>INFO</level>
  <class>ESPlorer.ESPlorer</class>
  <method>log</method>
  <thread>35</thread>
  <message>recv:w([==[require("oled")]==]);&lt;CR&gt;&lt;LF&gt;</message>
</record>
<record>
  <date>2016-07-16T00:11:21</date>
  <millis>1468599081602</millis>
  <sequence>114</sequence>
  <logger>ESPlorer.ESPlorer</logger>
  <level>INFO</level>
  <class>ESPlorer.ESPlorer</class>
  <method>log</method>
  <thread>15</thread>
  <message>9</message>
</record>
<record>
  <date>2016-07-16T00:11:21</date>
  <millis>1468599081603</millis>
  <sequence>115</sequence>
  <logger>ESPlorer.ESPlorer</logger>
  <level>INFO</level>
  <class>ESPlorer.ESPlorer</class>
  <method>log</method>
  <thread>15</thread>
  <message>sending:w([==[require("app")]==]);&lt;CR&gt;&lt;LF&gt;</message>
</record>
<record>
  <date>2016-07-16T00:11:21</date>
  <millis>1468599081646</millis>
  <sequence>116</sequence>
  <logger>ESPlorer.ESPlorer</logger>
  <level>INFO</level>
  <class>ESPlorer.ESPlorer</class>
  <method>log</method>
  <thread>35</thread>
  <message>recv:&gt; </message>
</record>
<record>
  <date>2016-07-16T00:11:21</date>
  <millis>1468599081752</millis>
  <sequence>117</sequence>
  <logger>ESPlorer.ESPlorer</logger>
  <level>INFO</level>
  <class>ESPlorer.ESPlorer</class>
  <method>log</method>
  <thread>35</thread>
  <message>recv:w([==[require("app")]==]);&lt;CR&gt;&lt;LF&gt;</message>
</record>
<record>
  <date>2016-07-16T00:11:21</date>
  <millis>1468599081763</millis>
  <sequence>118</sequence>
  <logger>ESPlorer.ESPlorer</logger>
  <level>INFO</level>
  <class>ESPlorer.ESPlorer</class>
  <method>log</method>
  <thread>15</thread>
  <message>10</message>
</record>
<record>
  <date>2016-07-16T00:11:21</date>
  <millis>1468599081764</millis>
  <sequence>119</sequence>
  <logger>ESPlorer.ESPlorer</logger>
  <level>INFO</level>
  <class>ESPlorer.ESPlorer</class>
  <method>log</method>
  <thread>15</thread>
  <message>sending:w([==[]==]);&lt;CR&gt;&lt;LF&gt;</message>
</record>
<record>
  <date>2016-07-16T00:11:21</date>
  <millis>1468599081813</millis>
  <sequence>120</sequence>
  <logger>ESPlorer.ESPlorer</logger>
  <level>INFO</level>
  <class>ESPlorer.ESPlorer</class>
  <method>log</method>
  <thread>35</thread>
  <message>recv:&gt; </message>
</record>
<record>
  <date>2016-07-16T00:11:21</date>
  <millis>1468599081905</millis>
  <sequence>121</sequence>
  <logger>ESPlorer.ESPlorer</logger>
  <level>INFO</level>
  <class>ESPlorer.ESPlorer</class>
  <method>log</method>
  <thread>35</thread>
  <message>recv:w([==[]==]);&lt;CR&gt;&lt;LF&gt;</message>
</record>
<record>
  <date>2016-07-16T00:11:21</date>
  <millis>1468599081917</millis>
  <sequence>122</sequence>
  <logger>ESPlorer.ESPlorer</logger>
  <level>INFO</level>
  <class>ESPlorer.ESPlorer</class>
  <method>log</method>
  <thread>15</thread>
  <message>11</message>
</record>
<record>
  <date>2016-07-16T00:11:21</date>
  <millis>1468599081917</millis>
  <sequence>123</sequence>
  <logger>ESPlorer.ESPlorer</logger>
  <level>INFO</level>
  <class>ESPlorer.ESPlorer</class>
  <method>log</method>
  <thread>15</thread>
  <message>sending:w([==[print('init.lua ver 1.2')]==]);&lt;CR&gt;&lt;LF&gt;</message>
</record>
<record>
  <date>2016-07-16T00:11:22</date>
  <millis>1468599082232</millis>
  <sequence>124</sequence>
  <logger>ESPlorer.ESPlorer</logger>
  <level>INFO</level>
  <class>ESPlorer.ESPlorer</class>
  <method>log</method>
  <thread>35</thread>
  <message>recv:&gt; </message>
</record>
<record>
  <date>2016-07-16T00:11:22</date>
  <millis>1468599082340</millis>
  <sequence>125</sequence>
  <logger>ESPlorer.ESPlorer</logger>
  <level>INFO</level>
  <class>ESPlorer.ESPlorer</class>
  <method>log</method>
  <thread>35</thread>
  <message>recv:w([==[print('init.lua ver 1.2')]</message>
</record>
<record>
  <date>2016-07-16T00:11:22</date>
  <millis>1468599082350</millis>
  <sequence>126</sequence>
  <logger>ESPlorer.ESPlorer</logger>
  <level>INFO</level>
  <class>ESPlorer.ESPlorer</class>
  <method>log</method>
  <thread>35</thread>
  <message>recv:==]);&lt;CR&gt;&lt;LF&gt;</message>
</record>
<record>
  <date>2016-07-16T00:11:22</date>
  <millis>1468599082362</millis>
  <sequence>127</sequence>
  <logger>ESPlorer.ESPlorer</logger>
  <level>INFO</level>
  <class>ESPlorer.ESPlorer</class>
  <method>log</method>
  <thread>15</thread>
  <message>12</message>
</record>
<record>
  <date>2016-07-16T00:11:22</date>
  <millis>1468599082363</millis>
  <sequence>128</sequence>
  <logger>ESPlorer.ESPlorer</logger>
  <level>INFO</level>
  <class>ESPlorer.ESPlorer</class>
  <method>log</method>
  <thread>15</thread>
  <message>sending:w([==[print('MAC: ', mac)]==]);&lt;CR&gt;&lt;LF&gt;</message>
</record>
<record>
  <date>2016-07-16T00:11:22</date>
  <millis>1468599082399</millis>
  <sequence>129</sequence>
  <logger>ESPlorer.ESPlorer</logger>
  <level>INFO</level>
  <class>ESPlorer.ESPlorer</class>
  <method>log</method>
  <thread>35</thread>
  <message>recv:&gt; </message>
</record>
<record>
  <date>2016-07-16T00:11:22</date>
  <millis>1468599082507</millis>
  <sequence>130</sequence>
  <logger>ESPlorer.ESPlorer</logger>
  <level>INFO</level>
  <class>ESPlorer.ESPlorer</class>
  <method>log</method>
  <thread>35</thread>
  <message>recv:w([==[print('MAC: ', mac)]==]);</message>
</record>
<record>
  <date>2016-07-16T00:11:22</date>
  <millis>1468599082510</millis>
  <sequence>131</sequence>
  <logger>ESPlorer.ESPlorer</logger>
  <level>INFO</level>
  <class>ESPlorer.ESPlorer</class>
  <method>log</method>
  <thread>35</thread>
  <message>recv:
</message>
</record>
<record>
  <date>2016-07-16T00:11:22</date>
  <millis>1468599082518</millis>
  <sequence>132</sequence>
  <logger>ESPlorer.ESPlorer</logger>
  <level>INFO</level>
  <class>ESPlorer.ESPlorer</class>
  <method>log</method>
  <thread>15</thread>
  <message>13</message>
</record>
<record>
  <date>2016-07-16T00:11:22</date>
  <millis>1468599082519</millis>
  <sequence>133</sequence>
  <logger>ESPlorer.ESPlorer</logger>
  <level>INFO</level>
  <class>ESPlorer.ESPlorer</class>
  <method>log</method>
  <thread>15</thread>
  <message>sending:w([==[print('chip: ', chipid)]==]);&lt;CR&gt;&lt;LF&gt;</message>
</record>
<record>
  <date>2016-07-16T00:11:22</date>
  <millis>1468599082565</millis>
  <sequence>134</sequence>
  <logger>ESPlorer.ESPlorer</logger>
  <level>INFO</level>
  <class>ESPlorer.ESPlorer</class>
  <method>log</method>
  <thread>35</thread>
  <message>recv:&gt; </message>
</record>
<record>
  <date>2016-07-16T00:11:22</date>
  <millis>1468599082674</millis>
  <sequence>135</sequence>
  <logger>ESPlorer.ESPlorer</logger>
  <level>INFO</level>
  <class>ESPlorer.ESPlorer</class>
  <method>log</method>
  <thread>35</thread>
  <message>recv:w([==[print('chip: ', chipid)]==</message>
</record>
<record>
  <date>2016-07-16T00:11:22</date>
  <millis>1468599082681</millis>
  <sequence>136</sequence>
  <logger>ESPlorer.ESPlorer</logger>
  <level>INFO</level>
  <class>ESPlorer.ESPlorer</class>
  <method>log</method>
  <thread>35</thread>
  <message>recv:]);&lt;CR&gt;&lt;LF&gt;</message>
</record>
<record>
  <date>2016-07-16T00:11:22</date>
  <millis>1468599082692</millis>
  <sequence>137</sequence>
  <logger>ESPlorer.ESPlorer</logger>
  <level>INFO</level>
  <class>ESPlorer.ESPlorer</class>
  <method>log</method>
  <thread>15</thread>
  <message>14</message>
</record>
<record>
  <date>2016-07-16T00:11:22</date>
  <millis>1468599082692</millis>
  <sequence>138</sequence>
  <logger>ESPlorer.ESPlorer</logger>
  <level>INFO</level>
  <class>ESPlorer.ESPlorer</class>
  <method>log</method>
  <thread>15</thread>
  <message>sending:w([==[print('flashid: ', flashid)]==]);&lt;CR&gt;&lt;LF&gt;</message>
</record>
<record>
  <date>2016-07-16T00:11:22</date>
  <millis>1468599082732</millis>
  <sequence>139</sequence>
  <logger>ESPlorer.ESPlorer</logger>
  <level>INFO</level>
  <class>ESPlorer.ESPlorer</class>
  <method>log</method>
  <thread>35</thread>
  <message>recv:&gt; </message>
</record>
<record>
  <date>2016-07-16T00:11:22</date>
  <millis>1468599082841</millis>
  <sequence>140</sequence>
  <logger>ESPlorer.ESPlorer</logger>
  <level>INFO</level>
  <class>ESPlorer.ESPlorer</class>
  <method>log</method>
  <thread>35</thread>
  <message>recv:w([==[print('flashid: ', flashid</message>
</record>
<record>
  <date>2016-07-16T00:11:22</date>
  <millis>1468599082852</millis>
  <sequence>141</sequence>
  <logger>ESPlorer.ESPlorer</logger>
  <level>INFO</level>
  <class>ESPlorer.ESPlorer</class>
  <method>log</method>
  <thread>35</thread>
  <message>recv:)]==]);&lt;CR&gt;&lt;LF&gt;</message>
</record>
<record>
  <date>2016-07-16T00:11:22</date>
  <millis>1468599082863</millis>
  <sequence>142</sequence>
  <logger>ESPlorer.ESPlorer</logger>
  <level>INFO</level>
  <class>ESPlorer.ESPlorer</class>
  <method>log</method>
  <thread>15</thread>
  <message>15</message>
</record>
<record>
  <date>2016-07-16T00:11:22</date>
  <millis>1468599082863</millis>
  <sequence>143</sequence>
  <logger>ESPlorer.ESPlorer</logger>
  <level>INFO</level>
  <class>ESPlorer.ESPlorer</class>
  <method>log</method>
  <thread>15</thread>
  <message>sending:w([==[]==]);&lt;CR&gt;&lt;LF&gt;</message>
</record>
<record>
  <date>2016-07-16T00:11:22</date>
  <millis>1468599082898</millis>
  <sequence>144</sequence>
  <logger>ESPlorer.ESPlorer</logger>
  <level>INFO</level>
  <class>ESPlorer.ESPlorer</class>
  <method>log</method>
  <thread>35</thread>
  <message>recv:&gt; </message>
</record>
<record>
  <date>2016-07-16T00:11:23</date>
  <millis>1468599083240</millis>
  <sequence>145</sequence>
  <logger>ESPlorer.ESPlorer</logger>
  <level>INFO</level>
  <class>ESPlorer.ESPlorer</class>
  <method>log</method>
  <thread>35</thread>
  <message>recv:w([==[]==]);&lt;CR&gt;&lt;LF&gt;</message>
</record>
<record>
  <date>2016-07-16T00:11:23</date>
  <millis>1468599083256</millis>
  <sequence>146</sequence>
  <logger>ESPlorer.ESPlorer</logger>
  <level>INFO</level>
  <class>ESPlorer.ESPlorer</class>
  <method>log</method>
  <thread>15</thread>
  <message>16</message>
</record>
<record>
  <date>2016-07-16T00:11:23</date>
  <millis>1468599083256</millis>
  <sequence>147</sequence>
  <logger>ESPlorer.ESPlorer</logger>
  <level>INFO</level>
  <class>ESPlorer.ESPlorer</class>
  <method>log</method>
  <thread>15</thread>
  <message>sending:w([==[-- app.init()]==]);&lt;CR&gt;&lt;LF&gt;</message>
</record>
<record>
  <date>2016-07-16T00:11:23</date>
  <millis>1468599083315</millis>
  <sequence>148</sequence>
  <logger>ESPlorer.ESPlorer</logger>
  <level>INFO</level>
  <class>ESPlorer.ESPlorer</class>
  <method>log</method>
  <thread>35</thread>
  <message>recv:&gt; </message>
</record>
<record>
  <date>2016-07-16T00:11:23</date>
  <millis>1468599083421</millis>
  <sequence>149</sequence>
  <logger>ESPlorer.ESPlorer</logger>
  <level>INFO</level>
  <class>ESPlorer.ESPlorer</class>
  <method>log</method>
  <thread>35</thread>
  <message>recv:w([==[-- app.init()]==]);&lt;CR&gt;&lt;LF&gt;</message>
</record>
<record>
  <date>2016-07-16T00:11:23</date>
  <millis>1468599083432</millis>
  <sequence>150</sequence>
  <logger>ESPlorer.ESPlorer</logger>
  <level>INFO</level>
  <class>ESPlorer.ESPlorer</class>
  <method>log</method>
  <thread>15</thread>
  <message>17</message>
</record>
<record>
  <date>2016-07-16T00:11:23</date>
  <millis>1468599083432</millis>
  <sequence>151</sequence>
  <logger>ESPlorer.ESPlorer</logger>
  <level>INFO</level>
  <class>ESPlorer.ESPlorer</class>
  <method>log</method>
  <thread>15</thread>
  <message>sending:w([==[-- app.run()]==]);&lt;CR&gt;&lt;LF&gt;</message>
</record>
<record>
  <date>2016-07-16T00:11:23</date>
  <millis>1468599083480</millis>
  <sequence>152</sequence>
  <logger>ESPlorer.ESPlorer</logger>
  <level>INFO</level>
  <class>ESPlorer.ESPlorer</class>
  <method>log</method>
  <thread>35</thread>
  <message>recv:&gt; </message>
</record>
<record>
  <date>2016-07-16T00:11:23</date>
  <millis>1468599083585</millis>
  <sequence>153</sequence>
  <logger>ESPlorer.ESPlorer</logger>
  <level>INFO</level>
  <class>ESPlorer.ESPlorer</class>
  <method>log</method>
  <thread>35</thread>
  <message>recv:w([==[-- app.run()]==]);&lt;CR&gt;&lt;LF&gt;</message>
</record>
<record>
  <date>2016-07-16T00:11:23</date>
  <millis>1468599083596</millis>
  <sequence>154</sequence>
  <logger>ESPlorer.ESPlorer</logger>
  <level>INFO</level>
  <class>ESPlorer.ESPlorer</class>
  <method>log</method>
  <thread>15</thread>
  <message>18</message>
</record>
<record>
  <date>2016-07-16T00:11:23</date>
  <millis>1468599083597</millis>
  <sequence>155</sequence>
  <logger>ESPlorer.ESPlorer</logger>
  <level>INFO</level>
  <class>ESPlorer.ESPlorer</class>
  <method>log</method>
  <thread>15</thread>
  <message>sending:file.close();&lt;CR&gt;&lt;LF&gt;</message>
</record>
<record>
  <date>2016-07-16T00:11:23</date>
  <millis>1468599083647</millis>
  <sequence>156</sequence>
  <logger>ESPlorer.ESPlorer</logger>
  <level>INFO</level>
  <class>ESPlorer.ESPlorer</class>
  <method>log</method>
  <thread>35</thread>
  <message>recv:&gt; </message>
</record>
<record>
  <date>2016-07-16T00:11:23</date>
  <millis>1468599083741</millis>
  <sequence>157</sequence>
  <logger>ESPlorer.ESPlorer</logger>
  <level>INFO</level>
  <class>ESPlorer.ESPlorer</class>
  <method>log</method>
  <thread>35</thread>
  <message>recv:file.close();&lt;CR&gt;&lt;LF&gt;</message>
</record>
<record>
  <date>2016-07-16T00:11:23</date>
  <millis>1468599083751</millis>
  <sequence>158</sequence>
  <logger>ESPlorer.ESPlorer</logger>
  <level>INFO</level>
  <class>ESPlorer.ESPlorer</class>
  <method>log</method>
  <thread>15</thread>
  <message>19</message>
</record>
<record>
  <date>2016-07-16T00:11:23</date>
  <millis>1468599083752</millis>
  <sequence>159</sequence>
  <logger>ESPlorer.ESPlorer</logger>
  <level>INFO</level>
  <class>ESPlorer.ESPlorer</class>
  <method>log</method>
  <thread>15</thread>
  <message>sending:dofile("init.lua");&lt;CR&gt;&lt;LF&gt;</message>
</record>
<record>
  <date>2016-07-16T00:11:23</date>
  <millis>1468599083818</millis>
  <sequence>160</sequence>
  <logger>ESPlorer.ESPlorer</logger>
  <level>INFO</level>
  <class>ESPlorer.ESPlorer</class>
  <method>log</method>
  <thread>35</thread>
  <message>recv:&gt; </message>
</record>
<record>
  <date>2016-07-16T00:11:23</date>
  <millis>1468599083917</millis>
  <sequence>161</sequence>
  <logger>ESPlorer.ESPlorer</logger>
  <level>INFO</level>
  <class>ESPlorer.ESPlorer</class>
  <method>log</method>
  <thread>35</thread>
  <message>recv:dofile("init.lua");&lt;CR&gt;&lt;LF&gt;</message>
</record>
<record>
  <date>2016-07-16T00:11:24</date>
  <millis>1468599084071</millis>
  <sequence>162</sequence>
  <logger>ESPlorer.ESPlorer</logger>
  <level>INFO</level>
  <class>ESPlorer.ESPlorer</class>
  <method>log</method>
  <thread>35</thread>
  <message>Operation done. Duration = 5583 ms</message>
</record>
<record>
  <date>2016-07-16T00:11:25</date>
  <millis>1468599085323</millis>
  <sequence>163</sequence>
  <logger>ESPlorer.ESPlorer</logger>
  <level>INFO</level>
  <class>ESPlorer.ESPlorer</class>
  <method>log</method>
  <thread>15</thread>
  <message>sending:node.restart()&lt;CR&gt;&lt;LF&gt;</message>
</record>
<record>
  <date>2016-07-16T00:11:25</date>
  <millis>1468599085324</millis>
  <sequence>164</sequence>
  <logger>ESPlorer.ESPlorer</logger>
  <level>INFO</level>
  <class>ESPlorer.ESPlorer</class>
  <method>log</method>
  <thread>15</thread>
  <message>Try to reconnect with saved baud 9600...</message>
</record>
<record>
  <date>2016-07-16T00:11:25</date>
  <millis>1468599085324</millis>
  <sequence>165</sequence>
  <logger>ESPlorer.ESPlorer</logger>
  <level>INFO</level>
  <class>ESPlorer.ESPlorer</class>
  <method>log</method>
  <thread>15</thread>
  <message>Reconnect: Success. Now we waiting for ESP reboot...</message>
</record>
<record>
  <date>2016-07-16T00:11:30</date>
  <millis>1468599090433</millis>
  <sequence>166</sequence>
  <logger>ESPlorer.ESPlorer</logger>
  <level>INFO</level>
  <class>ESPlorer.ESPlorer</class>
  <method>log</method>
  <thread>15</thread>
  <message>Operation done. Duration = 11945 ms</message>
</record>
<record>
  <date>2016-07-16T00:11:30</date>
  <millis>1468599090433</millis>
  <sequence>167</sequence>
  <logger>ESPlorer.ESPlorer</logger>
  <level>INFO</level>
  <class>ESPlorer.ESPlorer</class>
  <method>log</method>
  <thread>15</thread>
  <message>Waiting answer from ESP - Timeout reached. Command aborted.</message>
</record>
<record>
  <date>2016-07-16T00:15:49</date>
  <millis>1468599349984</millis>
  <sequence>168</sequence>
  <logger>ESPlorer.ESPlorer</logger>
  <level>INFO</level>
  <class>ESPlorer.ESPlorer</class>
  <method>log</method>
  <thread>15</thread>
  <message>sending:wifi.startsmart(0,     function(ssid, password)         print(string.format("Success. SSID:%s ; PASSWORD:%s", ssid, password))     end )&lt;CR&gt;&lt;LF&gt;</message>
</record>
<record>
  <date>2016-07-16T00:18:21</date>
  <millis>1468599501070</millis>
  <sequence>169</sequence>
  <logger>ESPlorer.ESPlorer</logger>
  <level>INFO</level>
  <class>ESPlorer.ESPlorer</class>
  <method>log</method>
  <thread>15</thread>
  <message>sending:node.restart()&lt;CR&gt;&lt;LF&gt;</message>
</record>
<record>
  <date>2016-07-16T00:18:21</date>
  <millis>1468599501071</millis>
  <sequence>170</sequence>
  <logger>ESPlorer.ESPlorer</logger>
  <level>INFO</level>
  <class>ESPlorer.ESPlorer</class>
  <method>log</method>
  <thread>15</thread>
  <message>Try to reconnect with saved baud 9600...</message>
</record>
<record>
  <date>2016-07-16T00:18:21</date>
  <millis>1468599501072</millis>
  <sequence>171</sequence>
  <logger>ESPlorer.ESPlorer</logger>
  <level>INFO</level>
  <class>ESPlorer.ESPlorer</class>
  <method>log</method>
  <thread>15</thread>
  <message>Reconnect: Success. Now we waiting for ESP reboot...</message>
</record>
<record>
  <date>2016-07-16T00:18:26</date>
  <millis>1468599506859</millis>
  <sequence>172</sequence>
  <logger>ESPlorer.ESPlorer</logger>
  <level>INFO</level>
  <class>ESPlorer.ESPlorer</class>
  <method>log</method>
  <thread>15</thread>
  <message>Operation done. Duration = 428371 ms</message>
</record>
<record>
  <date>2016-07-16T00:18:26</date>
  <millis>1468599506859</millis>
  <sequence>173</sequence>
  <logger>ESPlorer.ESPlorer</logger>
  <level>INFO</level>
  <class>ESPlorer.ESPlorer</class>
  <method>log</method>
  <thread>15</thread>
  <message>Waiting answer from ESP - Timeout reached. Command aborted.</message>
</record>
</log>
